<?xml version="1.0" encoding="UTF-8"?>
<testsuite name="homework02.UserInterfaceTest" tests="1" skipped="0" failures="0" errors="0" timestamp="2021-01-16T10:02:21" hostname="SaibodeMacBook-Pro.local" time="0.048">
  <properties/>
  <testcase name="test06getItemsIsCorrect()" classname="homework02.UserInterfaceTest" time="0.048"/>
  <system-out><![CDATA[]]></system-out>
  <system-err><![CDATA[]]></system-err>
</testsuite>
