<?xml version="1.0" encoding="UTF-8"?>
<testsuite name="TheoryChecker" tests="1" skipped="0" failures="0" errors="0" timestamp="2021-01-13T19:32:02" hostname="SaibodeMacBook-Pro.local" time="0.025">
  <properties/>
  <testcase name="check()" classname="TheoryChecker" time="0.025"/>
  <system-out><![CDATA[]]></system-out>
  <system-err><![CDATA[]]></system-err>
</testsuite>
