<?xml version="1.0" encoding="UTF-8"?>
<testsuite name="GradedAppControllerTests" tests="1" skipped="0" failures="0" errors="0" timestamp="2021-01-16T15:49:22" hostname="tsf-492-wpa-4-070.epfl.ch" time="0.029">
  <properties/>
  <testcase name="t05_commandWithSpacesWithoutText()" classname="GradedAppControllerTests" time="0.029"/>
  <system-out><![CDATA[]]></system-out>
  <system-err><![CDATA[]]></system-err>
</testsuite>
